2017-07-06 18:26:37 [-][-][-][error][yii\db\Exception] exception 'PDOException' with message 'SQLSTATE[HY000] [1045] Access denied for user 'root'@'localhost' (using password: NO)' in E:\phpStudy\WWW\yii-advanced\vendor\yiisoft\yii2\db\Connection.php:630
Stack trace:
#0 E:\phpStudy\WWW\yii-advanced\vendor\yiisoft\yii2\db\Connection.php(630): PDO->__construct('mysql:host=loca...', 'root', '', NULL)
#1 E:\phpStudy\WWW\yii-advanced\vendor\yiisoft\yii2\db\Connection.php(563): yii\db\Connection->createPdoInstance()
#2 E:\phpStudy\WWW\yii-advanced\vendor\yiisoft\yii2\db\Connection.php(896): yii\db\Connection->open()
#3 E:\phpStudy\WWW\yii-advanced\vendor\yiisoft\yii2\db\Connection.php(883): yii\db\Connection->getMasterPdo()
#4 E:\phpStudy\WWW\yii-advanced\vendor\yiisoft\yii2\db\Command.php(219): yii\db\Connection->getSlavePdo()
#5 E:\phpStudy\WWW\yii-advanced\vendor\yiisoft\yii2\db\Command.php(896): yii\db\Command->prepare(true)
#6 E:\phpStudy\WWW\yii-advanced\vendor\yiisoft\yii2\db\Command.php(362): yii\db\Command->queryInternal('fetchAll', NULL)
#7 E:\phpStudy\WWW\yii-advanced\vendor\yiisoft\yii2\db\mysql\Schema.php(199): yii\db\Command->queryAll()
#8 E:\phpStudy\WWW\yii-advanced\vendor\yiisoft\yii2\db\mysql\Schema.php(98): yii\db\mysql\Schema->findColumns(Object(yii\db\TableSchema))
#9 E:\phpStudy\WWW\yii-advanced\vendor\yiisoft\yii2\db\Schema.php(152): yii\db\mysql\Schema->loadTableSchema('migration')
#10 E:\phpStudy\WWW\yii-advanced\vendor\yiisoft\yii2\console\controllers\MigrateController.php(199): yii\db\Schema->getTableSchema('{{%migration}}', true)
#11 E:\phpStudy\WWW\yii-advanced\vendor\yiisoft\yii2\console\controllers\BaseMigrateController.php(774): yii\console\controllers\MigrateController->getMigrationHistory(NULL)
#12 E:\phpStudy\WWW\yii-advanced\vendor\yiisoft\yii2\console\controllers\BaseMigrateController.php(138): yii\console\controllers\BaseMigrateController->getNewMigrations()
#13 [internal function]: yii\console\controllers\BaseMigrateController->actionUp(0)
#14 E:\phpStudy\WWW\yii-advanced\vendor\yiisoft\yii2\base\InlineAction.php(57): call_user_func_array(Array, Array)
#15 E:\phpStudy\WWW\yii-advanced\vendor\yiisoft\yii2\base\Controller.php(156): yii\base\InlineAction->runWithParams(Array)
#16 E:\phpStudy\WWW\yii-advanced\vendor\yiisoft\yii2\console\Controller.php(128): yii\base\Controller->runAction('', Array)
#17 E:\phpStudy\WWW\yii-advanced\vendor\yiisoft\yii2\base\Module.php(523): yii\console\Controller->runAction('', Array)
#18 E:\phpStudy\WWW\yii-advanced\vendor\yiisoft\yii2\console\Application.php(180): yii\base\Module->runAction('migrate', Array)
#19 E:\phpStudy\WWW\yii-advanced\vendor\yiisoft\yii2\console\Application.php(147): yii\console\Application->runAction('migrate', Array)
#20 E:\phpStudy\WWW\yii-advanced\vendor\yiisoft\yii2\base\Application.php(380): yii\console\Application->handleRequest(Object(yii\console\Request))
#21 E:\phpStudy\WWW\yii-advanced\yii(27): yii\base\Application->run()
#22 {main}

Next exception 'yii\db\Exception' with message 'SQLSTATE[HY000] [1045] Access denied for user 'root'@'localhost' (using password: NO)' in E:\phpStudy\WWW\yii-advanced\vendor\yiisoft\yii2\db\Connection.php:568
Stack trace:
#0 E:\phpStudy\WWW\yii-advanced\vendor\yiisoft\yii2\db\Connection.php(896): yii\db\Connection->open()
#1 E:\phpStudy\WWW\yii-advanced\vendor\yiisoft\yii2\db\Connection.php(883): yii\db\Connection->getMasterPdo()
#2 E:\phpStudy\WWW\yii-advanced\vendor\yiisoft\yii2\db\Command.php(219): yii\db\Connection->getSlavePdo()
#3 E:\phpStudy\WWW\yii-advanced\vendor\yiisoft\yii2\db\Command.php(896): yii\db\Command->prepare(true)
#4 E:\phpStudy\WWW\yii-advanced\vendor\yiisoft\yii2\db\Command.php(362): yii\db\Command->queryInternal('fetchAll', NULL)
#5 E:\phpStudy\WWW\yii-advanced\vendor\yiisoft\yii2\db\mysql\Schema.php(199): yii\db\Command->queryAll()
#6 E:\phpStudy\WWW\yii-advanced\vendor\yiisoft\yii2\db\mysql\Schema.php(98): yii\db\mysql\Schema->findColumns(Object(yii\db\TableSchema))
#7 E:\phpStudy\WWW\yii-advanced\vendor\yiisoft\yii2\db\Schema.php(152): yii\db\mysql\Schema->loadTableSchema('migration')
#8 E:\phpStudy\WWW\yii-advanced\vendor\yiisoft\yii2\console\controllers\MigrateController.php(199): yii\db\Schema->getTableSchema('{{%migration}}', true)
#9 E:\phpStudy\WWW\yii-advanced\vendor\yiisoft\yii2\console\controllers\BaseMigrateController.php(774): yii\console\controllers\MigrateController->getMigrationHistory(NULL)
#10 E:\phpStudy\WWW\yii-advanced\vendor\yiisoft\yii2\console\controllers\BaseMigrateController.php(138): yii\console\controllers\BaseMigrateController->getNewMigrations()
#11 [internal function]: yii\console\controllers\BaseMigrateController->actionUp(0)
#12 E:\phpStudy\WWW\yii-advanced\vendor\yiisoft\yii2\base\InlineAction.php(57): call_user_func_array(Array, Array)
#13 E:\phpStudy\WWW\yii-advanced\vendor\yiisoft\yii2\base\Controller.php(156): yii\base\InlineAction->runWithParams(Array)
#14 E:\phpStudy\WWW\yii-advanced\vendor\yiisoft\yii2\console\Controller.php(128): yii\base\Controller->runAction('', Array)
#15 E:\phpStudy\WWW\yii-advanced\vendor\yiisoft\yii2\base\Module.php(523): yii\console\Controller->runAction('', Array)
#16 E:\phpStudy\WWW\yii-advanced\vendor\yiisoft\yii2\console\Application.php(180): yii\base\Module->runAction('migrate', Array)
#17 E:\phpStudy\WWW\yii-advanced\vendor\yiisoft\yii2\console\Application.php(147): yii\console\Application->runAction('migrate', Array)
#18 E:\phpStudy\WWW\yii-advanced\vendor\yiisoft\yii2\base\Application.php(380): yii\console\Application->handleRequest(Object(yii\console\Request))
#19 E:\phpStudy\WWW\yii-advanced\yii(27): yii\base\Application->run()
#20 {main}
Additional Information:

2017-07-06 18:26:36 [-][-][-][info][application] $_SERVER = [
    'ALLUSERSPROFILE' => 'C:\\ProgramData'
    'APPDATA' => 'C:\\Users\\清阳\\AppData\\Roaming'
    'CommonProgramFiles' => 'C:\\Program Files (x86)\\Common Files'
    'CommonProgramFiles(x86)' => 'C:\\Program Files (x86)\\Common Files'
    'CommonProgramW6432' => 'C:\\Program Files\\Common Files'
    'COMPUTERNAME' => 'DESKTOP-SRT95QA'
    'ComSpec' => 'C:\\Windows\\system32\\cmd.exe'
    'FPS_BROWSER_APP_PROFILE_STRING' => 'Internet Explorer'
    'FPS_BROWSER_USER_PROFILE_STRING' => 'Default'
    'HOMEDRIVE' => 'C:'
    'HOMEPATH' => '\\Users\\清阳'
    'LOCALAPPDATA' => 'C:\\Users\\清阳\\AppData\\Local'
    'LOGONSERVER' => '\\\\DESKTOP-SRT95QA'
    'NUMBER_OF_PROCESSORS' => '4'
    'OS' => 'Windows_NT'
    'Path' => 'C:\\Windows\\system32;C:\\Windows;C:\\Windows\\System32\\Wbem;C:\\Windows\\System32\\WindowsPowerShell\\v1.0\\;C:\\Program Files (x86)\\NVIDIA Corporation\\PhysX\\Common;C:\\Program Files\\TortoiseSVN\\bin;E:\\phpStudy\\php55n;C:\\ProgramData\\ComposerSetup\\bin;E:\\python\\Scripts\\;E:\\python\\;C:\\Users\\清阳\\AppData\\Roaming\\Composer\\vendor\\bin'
    'PATHEXT' => '.COM;.EXE;.BAT;.CMD;.VBS;.VBE;.JS;.JSE;.WSF;.WSH;.MSC'
    'PHP_COMMAND' => 'php.exe'
    'PROCESSOR_ARCHITECTURE' => 'x86'
    'PROCESSOR_ARCHITEW6432' => 'AMD64'
    'PROCESSOR_IDENTIFIER' => 'Intel64 Family 6 Model 61 Stepping 4, GenuineIntel'
    'PROCESSOR_LEVEL' => '6'
    'PROCESSOR_REVISION' => '3d04'
    'ProgramData' => 'C:\\ProgramData'
    'ProgramFiles' => 'C:\\Program Files (x86)'
    'ProgramFiles(x86)' => 'C:\\Program Files (x86)'
    'ProgramW6432' => 'C:\\Program Files'
    'PROMPT' => '$P$G'
    'PSModulePath' => 'C:\\Windows\\system32\\WindowsPowerShell\\v1.0\\Modules\\'
    'PUBLIC' => 'C:\\Users\\Public'
    'SESSIONNAME' => 'Console'
    'SystemDrive' => 'C:'
    'SystemRoot' => 'C:\\Windows'
    'TEMP' => 'C:\\Users\\清阳\\AppData\\Local\\Temp'
    'TMP' => 'C:\\Users\\清阳\\AppData\\Local\\Temp'
    'USERDOMAIN' => 'DESKTOP-SRT95QA'
    'USERDOMAIN_ROAMINGPROFILE' => 'DESKTOP-SRT95QA'
    'USERNAME' => '清阳'
    'USERPROFILE' => 'C:\\Users\\清阳'
    'windir' => 'C:\\Windows'
    'YII_PATH' => 'E:\\phpStudy\\WWW\\yii-advanced\\'
    'PHP_SELF' => 'E:\\phpStudy\\WWW\\yii-advanced\\yii'
    'SCRIPT_NAME' => 'E:\\phpStudy\\WWW\\yii-advanced\\yii'
    'SCRIPT_FILENAME' => 'E:\\phpStudy\\WWW\\yii-advanced\\yii'
    'PATH_TRANSLATED' => 'E:\\phpStudy\\WWW\\yii-advanced\\yii'
    'DOCUMENT_ROOT' => ''
    'REQUEST_TIME_FLOAT' => 1499336796.9032
    'REQUEST_TIME' => 1499336796
    'argv' => [
        0 => 'E:\\phpStudy\\WWW\\yii-advanced\\yii'
        1 => 'migrate'
    ]
    'argc' => 2
]
